Analysis & Synthesis report for spi_cpld_driver
Mon Sep 02 11:23:24 2019
Quartus II 64-Bit Version 13.0.1 Build 232 06/12/2013 Service Pack 1 SJ Full Version


---------------------
; Table of Contents ;
---------------------
  1. Legal Notice
  2. Analysis & Synthesis Summary
  3. Analysis & Synthesis Settings
  4. Parallel Compilation
  5. Analysis & Synthesis Source Files Read
  6. Analysis & Synthesis Resource Usage Summary
  7. Analysis & Synthesis Resource Utilization by Entity
  8. State Machine - |spi_main|stepgen:s3|state
  9. State Machine - |spi_main|stepgen:s2|state
 10. State Machine - |spi_main|stepgen:s1|state
 11. State Machine - |spi_main|stepgen:s0|state
 12. Registers Removed During Synthesis
 13. General Register Statistics
 14. Multiplexer Restructuring Statistics (Restructuring Performed)
 15. Parameter Settings for User Entity Instance: Top-level Entity: |spi_main
 16. Parameter Settings for User Entity Instance: stepgen:s0
 17. Parameter Settings for User Entity Instance: stepgen:s1
 18. Parameter Settings for User Entity Instance: stepgen:s2
 19. Parameter Settings for User Entity Instance: stepgen:s3
 20. Port Connectivity Checks: "wdt:w"
 21. Analysis & Synthesis Messages
 22. Analysis & Synthesis Suppressed Messages



----------------
; Legal Notice ;
----------------
Copyright (C) 1991-2013 Altera Corporation
Your use of Altera Corporation's design tools, logic functions 
and other software and tools, and its AMPP partner logic 
functions, and any output files from any of the foregoing 
(including device programming or simulation files), and any 
associated documentation or information are expressly subject 
to the terms and conditions of the Altera Program License 
Subscription Agreement, Altera MegaCore Function License 
Agreement, or other applicable license agreement, including, 
without limitation, that your use is for the sole purpose of 
programming logic devices manufactured by Altera and sold by 
Altera or its authorized distributors.  Please refer to the 
applicable agreement for further details.



+--------------------------------------------------------------------------------+
; Analysis & Synthesis Summary                                                   ;
+-----------------------------+--------------------------------------------------+
; Analysis & Synthesis Status ; Successful - Mon Sep 02 11:23:24 2019            ;
; Quartus II 64-Bit Version   ; 13.0.1 Build 232 06/12/2013 SP 1 SJ Full Version ;
; Revision Name               ; spi_cpld_driver                                  ;
; Top-level Entity Name       ; spi_main                                         ;
; Family                      ; MAX II                                           ;
; Total logic elements        ; 509                                              ;
; Total pins                  ; 48                                               ;
; Total virtual pins          ; 0                                                ;
; UFM blocks                  ; 0 / 1 ( 0 % )                                    ;
+-----------------------------+--------------------------------------------------+


+----------------------------------------------------------------------------------------------------------------------+
; Analysis & Synthesis Settings                                                                                        ;
+----------------------------------------------------------------------------+--------------------+--------------------+
; Option                                                                     ; Setting            ; Default Value      ;
+----------------------------------------------------------------------------+--------------------+--------------------+
; Device                                                                     ; EPM570T100C5       ;                    ;
; Top-level entity name                                                      ; spi_main           ; spi_cpld_driver    ;
; Family name                                                                ; MAX II             ; Cyclone IV GX      ;
; Use smart compilation                                                      ; Off                ; Off                ;
; Enable parallel Assembler and TimeQuest Timing Analyzer during compilation ; On                 ; On                 ;
; Enable compact report table                                                ; Off                ; Off                ;
; Restructure Multiplexers                                                   ; Auto               ; Auto               ;
; Create Debugging Nodes for IP Cores                                        ; Off                ; Off                ;
; Preserve fewer node names                                                  ; On                 ; On                 ;
; Disable OpenCore Plus hardware evaluation                                  ; Off                ; Off                ;
; Verilog Version                                                            ; Verilog_2001       ; Verilog_2001       ;
; VHDL Version                                                               ; VHDL_1993          ; VHDL_1993          ;
; State Machine Processing                                                   ; Auto               ; Auto               ;
; Safe State Machine                                                         ; Off                ; Off                ;
; Extract Verilog State Machines                                             ; On                 ; On                 ;
; Extract VHDL State Machines                                                ; On                 ; On                 ;
; Ignore Verilog initial constructs                                          ; Off                ; Off                ;
; Iteration limit for constant Verilog loops                                 ; 5000               ; 5000               ;
; Iteration limit for non-constant Verilog loops                             ; 250                ; 250                ;
; Add Pass-Through Logic to Inferred RAMs                                    ; On                 ; On                 ;
; Infer RAMs from Raw Logic                                                  ; On                 ; On                 ;
; Parallel Synthesis                                                         ; On                 ; On                 ;
; NOT Gate Push-Back                                                         ; On                 ; On                 ;
; Power-Up Don't Care                                                        ; On                 ; On                 ;
; Remove Redundant Logic Cells                                               ; Off                ; Off                ;
; Remove Duplicate Registers                                                 ; On                 ; On                 ;
; Ignore CARRY Buffers                                                       ; Off                ; Off                ;
; Ignore CASCADE Buffers                                                     ; Off                ; Off                ;
; Ignore GLOBAL Buffers                                                      ; Off                ; Off                ;
; Ignore ROW GLOBAL Buffers                                                  ; Off                ; Off                ;
; Ignore LCELL Buffers                                                       ; Off                ; Off                ;
; Ignore SOFT Buffers                                                        ; On                 ; On                 ;
; Limit AHDL Integers to 32 Bits                                             ; Off                ; Off                ;
; Optimization Technique                                                     ; Balanced           ; Balanced           ;
; Carry Chain Length                                                         ; 70                 ; 70                 ;
; Auto Carry Chains                                                          ; On                 ; On                 ;
; Auto Open-Drain Pins                                                       ; On                 ; On                 ;
; Perform WYSIWYG Primitive Resynthesis                                      ; Off                ; Off                ;
; Auto Shift Register Replacement                                            ; Auto               ; Auto               ;
; Allow Shift Register Merging across Hierarchies                            ; Auto               ; Auto               ;
; Auto Clock Enable Replacement                                              ; On                 ; On                 ;
; Allow Synchronous Control Signals                                          ; On                 ; On                 ;
; Force Use of Synchronous Clear Signals                                     ; Off                ; Off                ;
; Auto Resource Sharing                                                      ; Off                ; Off                ;
; Use LogicLock Constraints during Resource Balancing                        ; On                 ; On                 ;
; Ignore translate_off and synthesis_off directives                          ; Off                ; Off                ;
; Report Parameter Settings                                                  ; On                 ; On                 ;
; Report Source Assignments                                                  ; On                 ; On                 ;
; Report Connectivity Checks                                                 ; On                 ; On                 ;
; Ignore Maximum Fan-Out Assignments                                         ; Off                ; Off                ;
; Synchronization Register Chain Length                                      ; 2                  ; 2                  ;
; PowerPlay Power Optimization                                               ; Normal compilation ; Normal compilation ;
; HDL message level                                                          ; Level2             ; Level2             ;
; Suppress Register Optimization Related Messages                            ; Off                ; Off                ;
; Number of Removed Registers Reported in Synthesis Report                   ; 5000               ; 5000               ;
; Number of Swept Nodes Reported in Synthesis Report                         ; 5000               ; 5000               ;
; Number of Inverted Registers Reported in Synthesis Report                  ; 100                ; 100                ;
; Clock MUX Protection                                                       ; On                 ; On                 ;
; Block Design Naming                                                        ; Auto               ; Auto               ;
; Synthesis Effort                                                           ; Auto               ; Auto               ;
; Shift Register Replacement - Allow Asynchronous Clear Signal               ; On                 ; On                 ;
; Pre-Mapping Resynthesis Optimization                                       ; Off                ; Off                ;
; Analysis & Synthesis Message Level                                         ; Medium             ; Medium             ;
; Disable Register Merging Across Hierarchies                                ; Auto               ; Auto               ;
; Synthesis Seed                                                             ; 1                  ; 1                  ;
+----------------------------------------------------------------------------+--------------------+--------------------+


+------------------------------------------+
; Parallel Compilation                     ;
+----------------------------+-------------+
; Processors                 ; Number      ;
+----------------------------+-------------+
; Number detected on machine ; 2           ;
; Maximum allowed            ; 2           ;
;                            ;             ;
; Average used               ; 1.00        ;
; Maximum used               ; 1           ;
;                            ;             ;
; Usage by Processor         ; % Time Used ;
;     Processor 1            ; 100.0%      ;
;     Processor 2            ;   0.0%      ;
+----------------------------+-------------+


+---------------------------------------------------------------------------------------------------------------------------------------------+
; Analysis & Synthesis Source Files Read                                                                                                      ;
+----------------------------------+-----------------+------------------------+-----------------------------------------------------+---------+
; File Name with User-Entered Path ; Used in Netlist ; File Type              ; File Name with Absolute Path                        ; Library ;
+----------------------------------+-----------------+------------------------+-----------------------------------------------------+---------+
; wdt.v                            ; yes             ; User Verilog HDL File  ; D:/PROJECT/RPi-CNC-HAT/spi_cpld_firmware/wdt.v      ;         ;
; stepgen.v                        ; yes             ; User Verilog HDL File  ; D:/PROJECT/RPi-CNC-HAT/spi_cpld_firmware/stepgen.v  ;         ;
; spi_main.v                       ; yes             ; User Verilog HDL File  ; D:/PROJECT/RPi-CNC-HAT/spi_cpld_firmware/spi_main.v ;         ;
; pwm.v                            ; yes             ; User Verilog HDL File  ; D:/PROJECT/RPi-CNC-HAT/spi_cpld_firmware/pwm.v      ;         ;
; rpm.v                            ; yes             ; User Verilog HDL File  ; D:/PROJECT/RPi-CNC-HAT/spi_cpld_firmware/rpm.v      ;         ;
+----------------------------------+-----------------+------------------------+-----------------------------------------------------+---------+


+-----------------------------------------------------+
; Analysis & Synthesis Resource Usage Summary         ;
+---------------------------------------------+-------+
; Resource                                    ; Usage ;
+---------------------------------------------+-------+
; Total logic elements                        ; 509   ;
;     -- Combinational with no register       ; 198   ;
;     -- Register only                        ; 128   ;
;     -- Combinational with a register        ; 183   ;
;                                             ;       ;
; Logic element usage by number of LUT inputs ;       ;
;     -- 4 input functions                    ; 159   ;
;     -- 3 input functions                    ; 135   ;
;     -- 2 input functions                    ; 79    ;
;     -- 1 input functions                    ; 8     ;
;     -- 0 input functions                    ; 0     ;
;                                             ;       ;
; Logic elements by mode                      ;       ;
;     -- normal mode                          ; 374   ;
;     -- arithmetic mode                      ; 135   ;
;     -- qfbk mode                            ; 0     ;
;     -- register cascade mode                ; 0     ;
;     -- synchronous clear/load mode          ; 41    ;
;     -- asynchronous clear/load mode         ; 0     ;
;                                             ;       ;
; Total registers                             ; 311   ;
; Total logic cells in carry chains           ; 148   ;
; I/O pins                                    ; 48    ;
; Maximum fan-out node                        ; clk   ;
; Maximum fan-out                             ; 269   ;
; Total fan-out                               ; 1984  ;
; Average fan-out                             ; 3.56  ;
+---------------------------------------------+-------+


+-----------------------------------------------------------------------------------------------------------------------------------------------------------------------------------------------------------------------+
; Analysis & Synthesis Resource Utilization by Entity                                                                                                                                                                   ;
+----------------------------+-------------+--------------+------------+------+--------------+--------------+-------------------+------------------+-----------------+------------+----------------------+--------------+
; Compilation Hierarchy Node ; Logic Cells ; LC Registers ; UFM Blocks ; Pins ; Virtual Pins ; LUT-Only LCs ; Register-Only LCs ; LUT/Register LCs ; Carry Chain LCs ; Packed LCs ; Full Hierarchy Name  ; Library Name ;
+----------------------------+-------------+--------------+------------+------+--------------+--------------+-------------------+------------------+-----------------+------------+----------------------+--------------+
; |spi_main                  ; 509 (257)   ; 311          ; 0          ; 48   ; 0            ; 198 (112)    ; 128 (111)         ; 183 (34)         ; 148 (13)        ; 0 (0)      ; |spi_main            ; work         ;
;    |pwm:p|                 ; 17 (17)     ; 9            ; 0          ; 0    ; 0            ; 8 (8)        ; 0 (0)             ; 9 (9)            ; 15 (15)         ; 0 (0)      ; |spi_main|pwm:p      ; work         ;
;    |rpm:r|                 ; 39 (39)     ; 33           ; 0          ; 0    ; 0            ; 6 (6)        ; 17 (17)           ; 16 (16)          ; 16 (16)         ; 0 (0)      ; |spi_main|rpm:r      ; work         ;
;    |stepgen:s0|            ; 49 (49)     ; 31           ; 0          ; 0    ; 0            ; 18 (18)      ; 0 (0)             ; 31 (31)          ; 26 (26)         ; 0 (0)      ; |spi_main|stepgen:s0 ; work         ;
;    |stepgen:s1|            ; 49 (49)     ; 31           ; 0          ; 0    ; 0            ; 18 (18)      ; 0 (0)             ; 31 (31)          ; 26 (26)         ; 0 (0)      ; |spi_main|stepgen:s1 ; work         ;
;    |stepgen:s2|            ; 49 (49)     ; 31           ; 0          ; 0    ; 0            ; 18 (18)      ; 0 (0)             ; 31 (31)          ; 26 (26)         ; 0 (0)      ; |spi_main|stepgen:s2 ; work         ;
;    |stepgen:s3|            ; 49 (49)     ; 31           ; 0          ; 0    ; 0            ; 18 (18)      ; 0 (0)             ; 31 (31)          ; 26 (26)         ; 0 (0)      ; |spi_main|stepgen:s3 ; work         ;
+----------------------------+-------------+--------------+------------+------+--------------+--------------+-------------------+------------------+-----------------+------------+----------------------+--------------+
Note: For table entries with two numbers listed, the numbers in parentheses indicate the number of resources of the given type used by the specific entity alone. The numbers listed outside of parentheses indicate the total resources of the given type used by the specific entity and all of its sub-entities in the hierarchy.


Encoding Type:  One-Hot
+--------------------------------------------+
; State Machine - |spi_main|stepgen:s3|state ;
+----------+----------+----------+-----------+
; Name     ; state.00 ; state.10 ; state.01  ;
+----------+----------+----------+-----------+
; state.00 ; 0        ; 0        ; 0         ;
; state.01 ; 1        ; 0        ; 1         ;
; state.10 ; 1        ; 1        ; 0         ;
+----------+----------+----------+-----------+


Encoding Type:  One-Hot
+--------------------------------------------+
; State Machine - |spi_main|stepgen:s2|state ;
+----------+----------+----------+-----------+
; Name     ; state.00 ; state.10 ; state.01  ;
+----------+----------+----------+-----------+
; state.00 ; 0        ; 0        ; 0         ;
; state.01 ; 1        ; 0        ; 1         ;
; state.10 ; 1        ; 1        ; 0         ;
+----------+----------+----------+-----------+


Encoding Type:  One-Hot
+--------------------------------------------+
; State Machine - |spi_main|stepgen:s1|state ;
+----------+----------+----------+-----------+
; Name     ; state.00 ; state.10 ; state.01  ;
+----------+----------+----------+-----------+
; state.00 ; 0        ; 0        ; 0         ;
; state.01 ; 1        ; 0        ; 1         ;
; state.10 ; 1        ; 1        ; 0         ;
+----------+----------+----------+-----------+


Encoding Type:  One-Hot
+--------------------------------------------+
; State Machine - |spi_main|stepgen:s0|state ;
+----------+----------+----------+-----------+
; Name     ; state.00 ; state.10 ; state.01  ;
+----------+----------+----------+-----------+
; state.00 ; 0        ; 0        ; 0         ;
; state.01 ; 1        ; 0        ; 1         ;
; state.10 ; 1        ; 1        ; 0         ;
+----------+----------+----------+-----------+


+------------------------------------------------------------+
; Registers Removed During Synthesis                         ;
+---------------------------------------+--------------------+
; Register name                         ; Reason for Removal ;
+---------------------------------------+--------------------+
; stepgen:s3|state.00                   ; Lost fanout        ;
; stepgen:s2|state.00                   ; Lost fanout        ;
; stepgen:s1|state.00                   ; Lost fanout        ;
; stepgen:s0|state.00                   ; Lost fanout        ;
; div2048[9,10]                         ; Lost fanout        ;
; Total Number of Removed Registers = 6 ;                    ;
+---------------------------------------+--------------------+


+------------------------------------------------------+
; General Register Statistics                          ;
+----------------------------------------------+-------+
; Statistic                                    ; Value ;
+----------------------------------------------+-------+
; Total registers                              ; 311   ;
; Number of registers using Synchronous Clear  ; 21    ;
; Number of registers using Synchronous Load   ; 20    ;
; Number of registers using Asynchronous Clear ; 0     ;
; Number of registers using Asynchronous Load  ; 0     ;
; Number of registers using Clock Enable       ; 250   ;
; Number of registers using Preset             ; 0     ;
+----------------------------------------------+-------+


+---------------------------------------------------------------------------------------------------------------------------------------------+
; Multiplexer Restructuring Statistics (Restructuring Performed)                                                                              ;
+--------------------+-----------+---------------+----------------------+------------------------+------------+-------------------------------+
; Multiplexer Inputs ; Bus Width ; Baseline Area ; Area if Restructured ; Saving if Restructured ; Registered ; Example Multiplexer Output    ;
+--------------------+-----------+---------------+----------------------+------------------------+------------+-------------------------------+
; 3:1                ; 3 bits    ; 6 LEs         ; 3 LEs                ; 3 LEs                  ; Yes        ; |spi_main|bitcnt[2]           ;
; 4:1                ; 7 bits    ; 14 LEs        ; 7 LEs                ; 7 LEs                  ; Yes        ; |spi_main|data_sent[1]        ;
; 7:1                ; 5 bits    ; 20 LEs        ; 10 LEs               ; 10 LEs                 ; Yes        ; |spi_main|stepgen:s3|timer[0] ;
; 7:1                ; 5 bits    ; 20 LEs        ; 10 LEs               ; 10 LEs                 ; Yes        ; |spi_main|stepgen:s2|timer[2] ;
; 7:1                ; 5 bits    ; 20 LEs        ; 10 LEs               ; 10 LEs                 ; Yes        ; |spi_main|stepgen:s1|timer[0] ;
; 7:1                ; 5 bits    ; 20 LEs        ; 10 LEs               ; 10 LEs                 ; Yes        ; |spi_main|stepgen:s0|timer[1] ;
; 8:1                ; 8 bits    ; 40 LEs        ; 0 LEs                ; 40 LEs                 ; Yes        ; |spi_main|data_inbuf[4]       ;
; 32:1               ; 3 bits    ; 63 LEs        ; 27 LEs               ; 36 LEs                 ; Yes        ; |spi_main|data_outbuf[5]      ;
; 32:1               ; 5 bits    ; 105 LEs       ; 95 LEs               ; 10 LEs                 ; Yes        ; |spi_main|data_outbuf[2]      ;
; 3:1                ; 5 bits    ; 10 LEs        ; 5 LEs                ; 5 LEs                  ; Yes        ; |spi_main|spibytecnt[0]       ;
; 4:1                ; 4 bits    ; 8 LEs         ; 8 LEs                ; 0 LEs                  ; No         ; |spi_main|stepgen:s0|pbit     ;
+--------------------+-----------+---------------+----------------------+------------------------+------------+-------------------------------+


+--------------------------------------------------------------------------+
; Parameter Settings for User Entity Instance: Top-level Entity: |spi_main ;
+----------------+-------+-------------------------------------------------+
; Parameter Name ; Value ; Type                                            ;
+----------------+-------+-------------------------------------------------+
; W              ; 10    ; Signed Integer                                  ;
; F              ; 11    ; Signed Integer                                  ;
; T              ; 5     ; Signed Integer                                  ;
; I              ; 16    ; Signed Integer                                  ;
; O              ; 16    ; Signed Integer                                  ;
; INV_PWM        ; 0     ; Signed Integer                                  ;
+----------------+-------+-------------------------------------------------+
Note: In order to hide this table in the UI and the text report file, please set the "Show Parameter Settings in Synthesis Report" option in "Analysis and Synthesis Settings -> More Settings" to "Off".


+---------------------------------------------------------+
; Parameter Settings for User Entity Instance: stepgen:s0 ;
+----------------+-------+--------------------------------+
; Parameter Name ; Value ; Type                           ;
+----------------+-------+--------------------------------+
; W              ; 10    ; Signed Integer                 ;
; F              ; 11    ; Signed Integer                 ;
; T              ; 5     ; Signed Integer                 ;
+----------------+-------+--------------------------------+
Note: In order to hide this table in the UI and the text report file, please set the "Show Parameter Settings in Synthesis Report" option in "Analysis and Synthesis Settings -> More Settings" to "Off".


+---------------------------------------------------------+
; Parameter Settings for User Entity Instance: stepgen:s1 ;
+----------------+-------+--------------------------------+
; Parameter Name ; Value ; Type                           ;
+----------------+-------+--------------------------------+
; W              ; 10    ; Signed Integer                 ;
; F              ; 11    ; Signed Integer                 ;
; T              ; 5     ; Signed Integer                 ;
+----------------+-------+--------------------------------+
Note: In order to hide this table in the UI and the text report file, please set the "Show Parameter Settings in Synthesis Report" option in "Analysis and Synthesis Settings -> More Settings" to "Off".


+---------------------------------------------------------+
; Parameter Settings for User Entity Instance: stepgen:s2 ;
+----------------+-------+--------------------------------+
; Parameter Name ; Value ; Type                           ;
+----------------+-------+--------------------------------+
; W              ; 10    ; Signed Integer                 ;
; F              ; 11    ; Signed Integer                 ;
; T              ; 5     ; Signed Integer                 ;
+----------------+-------+--------------------------------+
Note: In order to hide this table in the UI and the text report file, please set the "Show Parameter Settings in Synthesis Report" option in "Analysis and Synthesis Settings -> More Settings" to "Off".


+---------------------------------------------------------+
; Parameter Settings for User Entity Instance: stepgen:s3 ;
+----------------+-------+--------------------------------+
; Parameter Name ; Value ; Type                           ;
+----------------+-------+--------------------------------+
; W              ; 10    ; Signed Integer                 ;
; F              ; 11    ; Signed Integer                 ;
; T              ; 5     ; Signed Integer                 ;
+----------------+-------+--------------------------------+
Note: In order to hide this table in the UI and the text report file, please set the "Show Parameter Settings in Synthesis Report" option in "Analysis and Synthesis Settings -> More Settings" to "Off".


+----------------------------------------------------------------------------------------------------------------+
; Port Connectivity Checks: "wdt:w"                                                                              ;
+------+--------+----------+-------------------------------------------------------------------------------------+
; Port ; Type   ; Severity ; Details                                                                             ;
+------+--------+----------+-------------------------------------------------------------------------------------+
; out  ; Output ; Info     ; Connected to dangling logic. Logic that only feeds a dangling port will be removed. ;
+------+--------+----------+-------------------------------------------------------------------------------------+


+-------------------------------+
; Analysis & Synthesis Messages ;
+-------------------------------+
Info: *******************************************************************
Info: Running Quartus II 64-Bit Analysis & Synthesis
    Info: Version 13.0.1 Build 232 06/12/2013 Service Pack 1 SJ Full Version
    Info: Processing started: Mon Sep 02 11:23:22 2019
Info: Command: quartus_map --read_settings_files=on --write_settings_files=off spi_cpld_driver -c spi_cpld_driver
Info (20030): Parallel compilation is enabled and will use 2 of the 2 processors detected
Info (12021): Found 1 design units, including 1 entities, in source file wdt.v
    Info (12023): Found entity 1: wdt
Info (12021): Found 1 design units, including 1 entities, in source file stepgen.v
    Info (12023): Found entity 1: stepgen
Info (12021): Found 1 design units, including 1 entities, in source file spi_main.v
    Info (12023): Found entity 1: spi_main
Info (12021): Found 1 design units, including 1 entities, in source file pwm.v
    Info (12023): Found entity 1: pwm
Info (12021): Found 1 design units, including 1 entities, in source file rpm.v
    Info (12023): Found entity 1: rpm
Info (12127): Elaborating entity "spi_main" for the top level hierarchy
Info (12128): Elaborating entity "wdt" for hierarchy "wdt:w"
Info (12128): Elaborating entity "pwm" for hierarchy "pwm:p"
Info (12128): Elaborating entity "rpm" for hierarchy "rpm:r"
Info (12128): Elaborating entity "stepgen" for hierarchy "stepgen:s0"
Info (17049): 6 registers lost all their fanouts during netlist optimizations.
Info (21057): Implemented 557 device resources after synthesis - the final resource count might be different
    Info (21058): Implemented 21 input pins
    Info (21059): Implemented 27 output pins
    Info (21061): Implemented 509 logic cells
Info (144001): Generated suppressed messages file D:/PROJECT/RPi-CNC-HAT/spi_cpld_firmware/output_files/spi_cpld_driver.map.smsg
Info: Quartus II 64-Bit Analysis & Synthesis was successful. 0 errors, 0 warnings
    Info: Peak virtual memory: 418 megabytes
    Info: Processing ended: Mon Sep 02 11:23:24 2019
    Info: Elapsed time: 00:00:02
    Info: Total CPU time (on all processors): 00:00:02


+------------------------------------------+
; Analysis & Synthesis Suppressed Messages ;
+------------------------------------------+
The suppressed messages can be found in D:/PROJECT/RPi-CNC-HAT/spi_cpld_firmware/output_files/spi_cpld_driver.map.smsg.


