Flow report for spi_cpld_driver
Mon Sep 02 11:23:34 2019
Quartus II 64-Bit Version 13.0.1 Build 232 06/12/2013 Service Pack 1 SJ Full Version


---------------------
; Table of Contents ;
---------------------
  1. Legal Notice
  2. Flow Summary
  3. Flow Settings
  4. Flow Non-Default Global Settings
  5. Flow Elapsed Time
  6. Flow OS Summary
  7. Flow Log
  8. Flow Messages
  9. Flow Suppressed Messages



----------------
; Legal Notice ;
----------------
Copyright (C) 1991-2013 Altera Corporation
Your use of Altera Corporation's design tools, logic functions 
and other software and tools, and its AMPP partner logic 
functions, and any output files from any of the foregoing 
(including device programming or simulation files), and any 
associated documentation or information are expressly subject 
to the terms and conditions of the Altera Program License 
Subscription Agreement, Altera MegaCore Function License 
Agreement, or other applicable license agreement, including, 
without limitation, that your use is for the sole purpose of 
programming logic devices manufactured by Altera and sold by 
Altera or its authorized distributors.  Please refer to the 
applicable agreement for further details.



+------------------------------------------------------------------------------+
; Flow Summary                                                                 ;
+---------------------------+--------------------------------------------------+
; Flow Status               ; Successful - Mon Sep 02 11:23:34 2019            ;
; Quartus II 64-Bit Version ; 13.0.1 Build 232 06/12/2013 SP 1 SJ Full Version ;
; Revision Name             ; spi_cpld_driver                                  ;
; Top-level Entity Name     ; spi_main                                         ;
; Family                    ; MAX II                                           ;
; Device                    ; EPM570T100C5                                     ;
; Timing Models             ; Final                                            ;
; Total logic elements      ; 475 / 570 ( 83 % )                               ;
; Total pins                ; 48 / 76 ( 63 % )                                 ;
; Total virtual pins        ; 0                                                ;
; UFM blocks                ; 0 / 1 ( 0 % )                                    ;
+---------------------------+--------------------------------------------------+


+-----------------------------------------+
; Flow Settings                           ;
+-------------------+---------------------+
; Option            ; Setting             ;
+-------------------+---------------------+
; Start date & time ; 09/02/2019 11:23:23 ;
; Main task         ; Compilation         ;
; Revision Name     ; spi_cpld_driver     ;
+-------------------+---------------------+


+------------------------------------------------------------------------------------------------------------------------+
; Flow Non-Default Global Settings                                                                                       ;
+---------------------------------------+-------------------------------+-----------------+-------------+----------------+
; Assignment Name                       ; Value                         ; Default Value   ; Entity Name ; Section Id     ;
+---------------------------------------+-------------------------------+-----------------+-------------+----------------+
; COMPILER_SIGNATURE_ID                 ; 1095835042777.156741260303328 ; --              ; --          ; --             ;
; EDA_OUTPUT_DATA_FORMAT                ; Vhdl                          ; --              ; --          ; eda_simulation ;
; EDA_SIMULATION_TOOL                   ; ModelSim-Altera (VHDL)        ; <None>          ; --          ; --             ;
; MAX_CORE_JUNCTION_TEMP                ; 85                            ; --              ; --          ; --             ;
; MIN_CORE_JUNCTION_TEMP                ; 0                             ; --              ; --          ; --             ;
; POWER_EXT_SUPPLY_VOLTAGE_TO_REGULATOR ; 3.3V                          ; --              ; --          ; --             ;
; PROJECT_OUTPUT_DIRECTORY              ; output_files                  ; --              ; --          ; --             ;
; TOP_LEVEL_ENTITY                      ; spi_main                      ; spi_cpld_driver ; --          ; --             ;
+---------------------------------------+-------------------------------+-----------------+-------------+----------------+


+-------------------------------------------------------------------------------------------------------------------------------+
; Flow Elapsed Time                                                                                                             ;
+---------------------------+--------------+-------------------------+---------------------+------------------------------------+
; Module Name               ; Elapsed Time ; Average Processors Used ; Peak Virtual Memory ; Total CPU Time (on all processors) ;
+---------------------------+--------------+-------------------------+---------------------+------------------------------------+
; Analysis & Synthesis      ; 00:00:02     ; 1.0                     ; 418 MB              ; 00:00:02                           ;
; Fitter                    ; 00:00:03     ; 1.0                     ; 722 MB              ; 00:00:03                           ;
; Assembler                 ; 00:00:01     ; 1.0                     ; 383 MB              ; 00:00:01                           ;
; TimeQuest Timing Analyzer ; 00:00:02     ; 1.0                     ; 387 MB              ; 00:00:02                           ;
; EDA Netlist Writer        ; 00:00:01     ; 1.0                     ; 360 MB              ; 00:00:01                           ;
; Total                     ; 00:00:09     ; --                      ; --                  ; 00:00:09                           ;
+---------------------------+--------------+-------------------------+---------------------+------------------------------------+


+----------------------------------------------------------------------------------------+
; Flow OS Summary                                                                        ;
+---------------------------+------------------+-----------+------------+----------------+
; Module Name               ; Machine Hostname ; OS Name   ; OS Version ; Processor type ;
+---------------------------+------------------+-----------+------------+----------------+
; Analysis & Synthesis      ; WS-10779         ; Windows 7 ; 6.1        ; x86_64         ;
; Fitter                    ; WS-10779         ; Windows 7 ; 6.1        ; x86_64         ;
; Assembler                 ; WS-10779         ; Windows 7 ; 6.1        ; x86_64         ;
; TimeQuest Timing Analyzer ; WS-10779         ; Windows 7 ; 6.1        ; x86_64         ;
; EDA Netlist Writer        ; WS-10779         ; Windows 7 ; 6.1        ; x86_64         ;
+---------------------------+------------------+-----------+------------+----------------+


------------
; Flow Log ;
------------
quartus_map --read_settings_files=on --write_settings_files=off spi_cpld_driver -c spi_cpld_driver
quartus_fit --read_settings_files=off --write_settings_files=off spi_cpld_driver -c spi_cpld_driver
quartus_asm --read_settings_files=off --write_settings_files=off spi_cpld_driver -c spi_cpld_driver
quartus_sta spi_cpld_driver -c spi_cpld_driver
quartus_eda --read_settings_files=off --write_settings_files=off spi_cpld_driver -c spi_cpld_driver



